<?xml version="1.0" encoding="UTF-8"?>
<!-- Generated by org.testng.reporters.JUnitReportReporter -->
<testsuite hostname="WKWZTdvgAZOcqNo" failures="0" tests="1" name="Day2.HandleDyanamicElement2" time="21.005" errors="0" timestamp="2022-11-22T18:22:11 IST" skipped="0">
  <testcase classname="Day2.HandleDyanamicElement2" name="HandleDyanamicElement2" time="21.005"/>
  <system-out/>
</testsuite> <!-- Day2.HandleDyanamicElement2 -->
