<?xml version="1.0" encoding="UTF-8"?>
<!-- Generated by org.testng.reporters.JUnitReportReporter -->
<testsuite hostname="WKWZTdvgAZOcqNo" failures="0" tests="2" name="day4TesTNG.DDTExmple" time="0.008" errors="0" timestamp="2022-11-23T19:53:48 IST" skipped="0">
  <testcase classname="day4TesTNG.DDTExmple" name="myTest" time="0.006"/>
  <system-out/>
  <testcase classname="day4TesTNG.DDTExmple" name="myTest" time="0.002"/>
  <system-out/>
</testsuite> <!-- day4TesTNG.DDTExmple -->
