<?xml version="1.0" encoding="UTF-8"?>
<!-- Generated by org.testng.reporters.JUnitReportReporter -->
<testsuite hostname="WKWZTdvgAZOcqNo" failures="0" tests="3" name="testING.MyFirstTestNG" time="0.011" errors="0" timestamp="2022-11-22T13:40:06 IST" skipped="0">
  <testcase classname="testING.MyFirstTestNG" name="logout" time="0.001"/>
  <system-out/>
  <testcase classname="testING.MyFirstTestNG" name="CreateAccount" time="0.009"/>
  <system-out/>
  <testcase classname="testING.MyFirstTestNG" name="login" time="0.001"/>
  <system-out/>
</testsuite> <!-- testING.MyFirstTestNG -->
