<?xml version="1.0" encoding="UTF-8"?>
<!-- Generated by org.testng.reporters.JUnitReportReporter -->
<testsuite hostname="WKWZTdvgAZOcqNo" failures="0" tests="1" name="Day1.SeleniumScript3" time="0.280" errors="0" timestamp="2022-11-22T18:44:36 IST" skipped="0">
  <testcase classname="Day1.SeleniumScript3" name="login" time="0.280"/>
  <system-out/>
</testsuite> <!-- Day1.SeleniumScript3 -->
