<?xml version="1.0" encoding="UTF-8"?>
<!-- Generated by org.testng.reporters.JUnitReportReporter -->
<testsuite hostname="WKWZTdvgAZOcqNo" failures="0" tests="5" name="TestNG.login" time="54.489" errors="0" timestamp="2022-11-23T22:36:10 IST" skipped="0">
  <testcase classname="TestNG.login" name="noDetails" time="8.779"/>
  <system-out/>
  <testcase classname="TestNG.login" name="validCredentials" time="17.550"/>
  <system-out/>
  <testcase classname="TestNG.login" name="validUsernameInvalidPassword" time="13.230"/>
  <system-out/>
  <testcase classname="TestNG.login" name="InvalidUsernameInvalidPassword" time="7.721"/>
  <system-out/>
  <testcase classname="TestNG.login" name="InvalidUsernamevalidPassword" time="7.209"/>
  <system-out/>
</testsuite> <!-- TestNG.login -->
