<?xml version="1.0" encoding="UTF-8"?>
<!-- Generated by org.testng.reporters.JUnitReportReporter -->
<testsuite hostname="WKWZTdvgAZOcqNo" failures="0" tests="1" name="day5TesTNG.SeleniumGridDemo" time="16.649" errors="0" timestamp="2022-11-24T11:13:41 IST" skipped="0">
  <testcase classname="day5TesTNG.SeleniumGridDemo" name="validCredentials" time="16.649"/>
  <system-out/>
</testsuite> <!-- day5TesTNG.SeleniumGridDemo -->
