<?xml version="1.0" encoding="UTF-8"?>
<!-- Generated by org.testng.reporters.JUnitReportReporter -->
<testsuite hostname="WKWZTdvgAZOcqNo" failures="0" tests="5" name="Report.TestClass1" time="68.546" errors="0" timestamp="2022-11-23T23:03:29 IST" skipped="0">
  <testcase classname="Report.TestClass1" name="InvalidUsernamevalidPassword" time="8.962"/>
  <system-out/>
  <testcase classname="Report.TestClass1" name="noDetails" time="7.736"/>
  <system-out/>
  <testcase classname="Report.TestClass1" name="InvalidUsernameInvalidPassword" time="20.655"/>
  <system-out/>
  <testcase classname="Report.TestClass1" name="validUsernameInvalidPassword" time="10.053"/>
  <system-out/>
  <testcase classname="Report.TestClass1" name="validCredentials" time="21.140"/>
  <system-out/>
</testsuite> <!-- Report.TestClass1 -->
