<?xml version="1.0" encoding="UTF-8"?>
<!-- Generated by org.testng.reporters.JUnitReportReporter -->
<testsuite hostname="WKWZTdvgAZOcqNo" failures="0" tests="1" name="day5TesTNG.UploadFile" time="9.692" errors="0" timestamp="2022-11-25T09:36:58 IST" skipped="0">
  <testcase classname="day5TesTNG.UploadFile" name="test" time="9.692"/>
  <system-out/>
</testsuite> <!-- day5TesTNG.UploadFile -->
