<?xml version="1.0" encoding="UTF-8"?>
<!-- Generated by org.testng.reporters.JUnitReportReporter -->
<testsuite hostname="WKWZTdvgAZOcqNo" failures="0" tests="1" name="Day2.AutoSugg1" time="7.528" errors="0" timestamp="2022-11-23T19:21:38 IST" skipped="0">
  <testcase classname="Day2.AutoSugg1" name="HandleAutoSugg1" time="7.528"/>
  <system-out/>
</testsuite> <!-- Day2.AutoSugg1 -->
