<?xml version="1.0" encoding="UTF-8"?>
<!-- Generated by org.testng.reporters.JUnitReportReporter -->
<testsuite hostname="WKWZTdvgAZOcqNo" failures="0" tests="1" name="day1_selenium.FacebookRegistration" time="23.980" errors="0" timestamp="2022-11-23T23:58:55 IST" skipped="0">
  <testcase classname="day1_selenium.FacebookRegistration" name="facebookTest" time="23.980"/>
  <system-out/>
</testsuite> <!-- day1_selenium.FacebookRegistration -->
