<?xml version="1.0" encoding="UTF-8"?>
<!-- Generated by org.testng.reporters.JUnitReportReporter -->
<testsuite hostname="WKWZTdvgAZOcqNo" failures="0" tests="2" name="day4TesTNG.DDTExample" time="0.006" errors="0" timestamp="2022-11-23T13:54:52 IST" skipped="0">
  <testcase classname="day4TesTNG.DDTExample" name="myTest" time="0.005"/>
  <system-out/>
  <testcase classname="day4TesTNG.DDTExample" name="myTest" time="0.001"/>
  <system-out/>
</testsuite> <!-- day4TesTNG.DDTExample -->
