<?xml version="1.0" encoding="UTF-8"?>
<!-- Generated by org.testng.reporters.JUnitReportReporter -->
<testsuite hostname="WKWZTdvgAZOcqNo" failures="0" tests="1" name="Day1.SeleniumScript1" time="6.874" errors="0" timestamp="2022-11-22T18:16:38 IST" skipped="0">
  <testcase classname="Day1.SeleniumScript1" name="SeleniumScript" time="6.874"/>
  <system-out/>
</testsuite> <!-- Day1.SeleniumScript1 -->
