<?xml version="1.0" encoding="UTF-8"?>
<!-- Generated by org.testng.reporters.JUnitReportReporter -->
<testsuite hostname="WKWZTdvgAZOcqNo" failures="0" tests="1" name="Day2.HandleAutoSuggestions" time="4.521" errors="0" timestamp="2022-11-22T18:19:28 IST" skipped="0">
  <testcase classname="Day2.HandleAutoSuggestions" name="HandleAutoSuggestions" time="4.521"/>
  <system-out/>
</testsuite> <!-- Day2.HandleAutoSuggestions -->
