<?xml version="1.0" encoding="UTF-8"?>
<!-- Generated by org.testng.reporters.JUnitReportReporter -->
<testsuite hostname="WKWZTdvgAZOcqNo" failures="0" tests="1" name="Day2.element2" time="21.833" errors="0" timestamp="2022-11-23T19:23:16 IST" skipped="0">
  <testcase classname="Day2.element2" name="HandleDyanamicElement2" time="21.833"/>
  <system-out/>
</testsuite> <!-- Day2.element2 -->
