<?xml version="1.0" encoding="UTF-8"?>
<!-- Generated by org.testng.reporters.JUnitReportReporter -->
<testsuite hostname="WKWZTdvgAZOcqNo" failures="0" tests="1" name="Day1.Sel1" time="5.554" errors="0" timestamp="2022-11-23T19:18:47 IST" skipped="0">
  <testcase classname="Day1.Sel1" name="SeleniumScript" time="5.554"/>
  <system-out/>
</testsuite> <!-- Day1.Sel1 -->
