<?xml version="1.0" encoding="UTF-8"?>
<!-- Generated by org.testng.reporters.JUnitReportReporter -->
<testsuite hostname="WKWZTdvgAZOcqNo" failures="0" tests="1" name="day4TesTNG.ReadExcel" time="0.604" errors="0" timestamp="2022-11-23T19:54:52 IST" skipped="0">
  <testcase classname="day4TesTNG.ReadExcel" name="testData" time="0.604"/>
  <system-out/>
</testsuite> <!-- day4TesTNG.ReadExcel -->
