<?xml version="1.0" encoding="UTF-8"?>
<!-- Generated by org.testng.reporters.JUnitReportReporter -->
<testsuite hostname="WKWZTdvgAZOcqNo" failures="0" tests="1" name="Day2.element3" time="11.066" errors="0" timestamp="2022-11-23T19:24:04 IST" skipped="0">
  <testcase classname="Day2.element3" name="HandleDyanamicElement3" time="11.066"/>
  <system-out/>
</testsuite> <!-- Day2.element3 -->
