<?xml version="1.0" encoding="UTF-8"?>
<!-- Generated by org.testng.reporters.JUnitReportReporter -->
<testsuite hostname="WKWZTdvgAZOcqNo" failures="0" tests="1" name="Day1.SelSc3" time="0.304" errors="0" timestamp="2022-11-23T19:20:31 IST" skipped="0">
  <testcase classname="Day1.SelSc3" name="login" time="0.304"/>
  <system-out/>
</testsuite> <!-- Day1.SelSc3 -->
