<?xml version="1.0" encoding="UTF-8"?>
<!-- Generated by org.testng.reporters.JUnitReportReporter -->
<testsuite hostname="WKWZTdvgAZOcqNo" failures="0" tests="4" name="day5TesTNG.SeleniumGridParallel" time="85.543" errors="0" timestamp="2022-11-24T13:10:36 IST" skipped="0">
  <testcase classname="day5TesTNG.SeleniumGridParallel" name="validCredentials" time="36.001"/>
  <system-out/>
  <testcase classname="day5TesTNG.SeleniumGridParallel" name="validCredentials" time="13.721"/>
  <system-out/>
  <testcase classname="day5TesTNG.SeleniumGridParallel" name="validCredentials" time="17.960"/>
  <system-out/>
  <testcase classname="day5TesTNG.SeleniumGridParallel" name="validCredentials" time="17.861"/>
  <system-out/>
</testsuite> <!-- day5TesTNG.SeleniumGridParallel -->
