<?xml version="1.0" encoding="UTF-8"?>
<!-- Generated by org.testng.reporters.JUnitReportReporter -->
<testsuite hostname="WKWZTdvgAZOcqNo" failures="0" tests="1" name="Day2.Multiplewindow2" time="64.779" errors="0" timestamp="2022-11-23T19:30:19 IST" skipped="0">
  <testcase classname="Day2.Multiplewindow2" name="HandleMultipleWindow2" time="64.779"/>
  <system-out/>
</testsuite> <!-- Day2.Multiplewindow2 -->
