<?xml version="1.0" encoding="UTF-8"?>
<!-- Generated by org.testng.reporters.JUnitReportReporter -->
<testsuite hostname="WKWZTdvgAZOcqNo" failures="0" tests="3" name="Day3.MyFirstTestNG" time="0.010" errors="0" timestamp="2022-11-22T14:01:48 IST" skipped="0">
  <testcase classname="Day3.MyFirstTestNG" name="logout" time="0.001"/>
  <system-out/>
  <testcase classname="Day3.MyFirstTestNG" name="CreateAccount" time="0.008"/>
  <system-out/>
  <testcase classname="Day3.MyFirstTestNG" name="login" time="0.001"/>
  <system-out/>
</testsuite> <!-- Day3.MyFirstTestNG -->
