<?xml version="1.0" encoding="UTF-8"?>
<!-- Generated by org.testng.reporters.JUnitReportReporter -->
<testsuite hostname="WKWZTdvgAZOcqNo" failures="0" tests="5" name="Day3.LoginOrangeTest" time="55.538" errors="0" timestamp="2022-11-23T19:46:10 IST" skipped="0">
  <testcase classname="Day3.LoginOrangeTest" name="noDetails" time="7.945"/>
  <system-out/>
  <testcase classname="Day3.LoginOrangeTest" name="InvalidUsernameInvalidPassword" time="8.152"/>
  <system-out/>
  <testcase classname="Day3.LoginOrangeTest" name="validUsernameInvalidPassword" time="11.008"/>
  <system-out/>
  <testcase classname="Day3.LoginOrangeTest" name="InvalidUsernamevalidPassword" time="11.308"/>
  <system-out/>
  <testcase classname="Day3.LoginOrangeTest" name="validCredentials" time="17.125"/>
  <system-out/>
</testsuite> <!-- Day3.LoginOrangeTest -->
