<?xml version="1.0" encoding="UTF-8"?>
<!-- Generated by org.testng.reporters.JUnitReportReporter -->
<testsuite hostname="WKWZTdvgAZOcqNo" failures="0" tests="1" name="day4TesTNG.ReadingExcel" time="0.510" errors="0" timestamp="2022-11-23T13:52:33 IST" skipped="0">
  <testcase classname="day4TesTNG.ReadingExcel" name="testData" time="0.510"/>
  <system-out/>
</testsuite> <!-- day4TesTNG.ReadingExcel -->
