<?xml version="1.0" encoding="UTF-8"?>
<!-- Generated by org.testng.reporters.JUnitReportReporter -->
<testsuite hostname="WKWZTdvgAZOcqNo" failures="0" tests="1" name="Report.Day1" time="0.158" errors="0" timestamp="2022-11-23T20:00:05 IST" skipped="0">
  <testcase classname="Report.Day1" name="login" time="0.158"/>
  <system-out/>
</testsuite> <!-- Report.Day1 -->
