<?xml version="1.0" encoding="UTF-8"?>
<!-- Generated by org.testng.reporters.JUnitReportReporter -->
<testsuite hostname="WKWZTdvgAZOcqNo" failures="0" tests="3" name="Day3.FirstTestNG" time="0.032" errors="0" timestamp="2022-11-23T19:47:26 IST" skipped="0">
  <testcase classname="Day3.FirstTestNG" name="logout" time="0.002"/>
  <system-out/>
  <testcase classname="Day3.FirstTestNG" name="CreateAccount" time="0.028"/>
  <system-out/>
  <testcase classname="Day3.FirstTestNG" name="login" time="0.002"/>
  <system-out/>
</testsuite> <!-- Day3.FirstTestNG -->
