<?xml version="1.0" encoding="UTF-8"?>
<!-- Generated by org.testng.reporters.JUnitReportReporter -->
<testsuite hostname="WKWZTdvgAZOcqNo" failures="0" tests="1" name="Report.LoginAutomation_1" time="0.477" errors="0" timestamp="2022-11-24T00:34:31 IST" skipped="0">
  <testcase classname="Report.LoginAutomation_1" name="login" time="0.477"/>
  <system-out/>
</testsuite> <!-- Report.LoginAutomation_1 -->
