<?xml version="1.0" encoding="UTF-8"?>
<!-- Generated by org.testng.reporters.JUnitReportReporter -->
<testsuite hostname="WKWZTdvgAZOcqNo" failures="0" tests="2" name="Report.AssertionDemo" time="0.008" errors="0" timestamp="2022-11-24T00:34:31 IST" skipped="0">
  <testcase classname="Report.AssertionDemo" name="login" time="0.007"/>
  <system-out/>
  <testcase classname="Report.AssertionDemo" name="logOutApplication" time="0.001"/>
  <system-out/>
</testsuite> <!-- Report.AssertionDemo -->
