<?xml version="1.0" encoding="UTF-8"?>
<!-- Generated by org.testng.reporters.JUnitReportReporter -->
<testsuite hostname="WKWZTdvgAZOcqNo" failures="0" tests="5" name="Report.TestClass1" time="41.276" errors="0" timestamp="2022-11-24T00:34:31 IST" skipped="0">
  <testcase classname="Report.TestClass1" name="validCredentials" time="9.252"/>
  <system-out/>
  <testcase classname="Report.TestClass1" name="InvalidUsernameInvalidPassword" time="7.109"/>
  <system-out/>
  <testcase classname="Report.TestClass1" name="InvalidUsernamevalidPassword" time="7.529"/>
  <system-out/>
  <testcase classname="Report.TestClass1" name="noDetails" time="9.775"/>
  <system-out/>
  <testcase classname="Report.TestClass1" name="validUsernameInvalidPassword" time="7.611"/>
  <system-out/>
</testsuite> <!-- Report.TestClass1 -->
